<?xml version="1.0" encoding="UTF-8"?>
<!-- Generated by org.testng.reporters.JUnitXMLReporter -->
<testsuite hostname="DESKTOP-FNA2BQ4" ignored="0" name="Test" tests="1" failures="0" timestamp="2021-02-11T14:43:51 EST" time="0.056" errors="0">
  <testcase name="@BeforeClass setUpClass" time="0.02" classname="runner.loginrunner">
    <failure type="java.lang.NoClassDefFoundError" message="io/cucumber/plugin/ConcurrentEventListener">
      <![CDATA[java.lang.NoClassDefFoundError: io/cucumber/plugin/ConcurrentEventListener
at java.lang.ClassLoader.defineClass1(Native Method)
at java.lang.ClassLoader.defineClass(ClassLoader.java:756)
at java.security.SecureClassLoader.defineClass(SecureClassLoader.java:142)
at java.net.URLClassLoader.defineClass(URLClassLoader.java:468)
at java.net.URLClassLoader.access$100(URLClassLoader.java:74)
at java.net.URLClassLoader$1.run(URLClassLoader.java:369)
at java.net.URLClassLoader$1.run(URLClassLoader.java:363)
at java.security.AccessController.doPrivileged(Native Method)
at java.net.URLClassLoader.findClass(URLClassLoader.java:362)
at java.lang.ClassLoader.loadClass(ClassLoader.java:418)
at sun.misc.Launcher$AppClassLoader.loadClass(Launcher.java:355)
at java.lang.ClassLoader.loadClass(ClassLoader.java:351)
at cucumber.runtime.formatter.PluginFactory.loadClass(PluginFactory.java:170)
at cucumber.runtime.formatter.PluginFactory.pluginClass(PluginFactory.java:162)
at cucumber.runtime.formatter.PluginFactory.getPluginClass(PluginFactory.java:214)
at cucumber.runtime.formatter.PluginFactory.isFormatterName(PluginFactory.java:192)
at cucumber.runtime.RuntimeOptionsFactory.addPlugins(RuntimeOptionsFactory.java:94)
at cucumber.runtime.RuntimeOptionsFactory.buildArgsFromOptions(RuntimeOptionsFactory.java:41)
at cucumber.runtime.RuntimeOptionsFactory.create(RuntimeOptionsFactory.java:26)
at cucumber.api.testng.TestNGCucumberRunner.<init>(TestNGCucumberRunner.java:40)
at runner.loginrunner.setUpClass(loginrunner.java:31)
at java.util.ArrayList.forEach(ArrayList.java:1257)
Caused by: java.lang.ClassNotFoundException: io.cucumber.plugin.ConcurrentEventListener
at java.net.URLClassLoader.findClass(URLClassLoader.java:382)
at java.lang.ClassLoader.loadClass(ClassLoader.java:418)
at sun.misc.Launcher$AppClassLoader.loadClass(Launcher.java:355)
at java.lang.ClassLoader.loadClass(ClassLoader.java:351)
... 47 more
... Removed 25 stack frames]]>
    </failure>
  </testcase> <!-- @BeforeClass setUpClass -->
  <testcase name="@AfterClass teardownclass" time="0.001" classname="runner.loginrunner">
    <failure type="java.lang.NullPointerException">
      <![CDATA[java.lang.NullPointerException
at runner.loginrunner.teardownclass(loginrunner.java:48)
at java.util.ArrayList.forEach(ArrayList.java:1257)
... Removed 25 stack frames]]>
    </failure>
  </testcase> <!-- @AfterClass teardownclass -->
  <testcase name="feature" time="0.0" classname="runner.loginrunner">
    <skipped/>
  </testcase> <!-- feature -->
</testsuite> <!-- Test -->
