<?xml version="1.0" encoding="UTF-8"?>
<testng-results skipped="0" failed="1" ignored="0" total="1" passed="0">
  <reporter-output>
    <line>
      <![CDATA[<div "featureFile">Feature File: C:&#x2F;Users&#x2F;User&#x2F;eclipse-workspace&#x2F;cucumberbd&#x2F;src&#x2F;main&#x2F;java&#x2F;Features&#x2F;loginfeature.feature</div>]]>
    </line>
    <line>
      <![CDATA[<div "result">User is in login page (PASSED : 12s)</div>]]>
    </line>
    <line>
      <![CDATA[<div "result">title of the page is Agile-AH (PASSED : 0s)</div>]]>
    </line>
    <line>
      <![CDATA[<div "result">user enters the &quot;companyadmin@agilityhealthradar.com&quot; and &quot;temp1234&quot; (PASSED : 0s)</div>]]>
    </line>
    <line>
      <![CDATA[<div "result">click on the login button (FAILED : 2s)</div>]]>
    </line>
    <line>
      <![CDATA[<div "result">user is on the Home page (SKIPPED)</div>]]>
    </line>
    <line>
      <![CDATA[<div "result">find all the broken links (SKIPPED)</div>]]>
    </line>
    <line>
      <![CDATA[<div "result">find the word assessments (SKIPPED)</div>]]>
    </line>
  </reporter-output>
  <suite name="Default suite" duration-ms="16332" started-at="2021-06-07T10:40:54 EDT" finished-at="2021-06-07T10:41:10 EDT">
    <groups>
      <group name="cucumber">
        <method signature="loginrunner.feature(cucumber.api.testng.CucumberFeatureWrapper)[pri:0, instance:runner.loginrunner@7193666c]" name="feature" class="runner.loginrunner"/>
      </group> <!-- cucumber -->
    </groups>
    <test name="Default test" duration-ms="16332" started-at="2021-06-07T10:40:54 EDT" finished-at="2021-06-07T10:41:10 EDT">
      <class name="runner.loginrunner">
        <test-method status="PASS" signature="setUpClass()[pri:0, instance:runner.loginrunner@7193666c]" name="setUpClass" is-config="true" duration-ms="432" started-at="2021-06-07T10:40:54 EDT" finished-at="2021-06-07T10:40:54 EDT">
          <reporter-output>
          </reporter-output>
        </test-method> <!-- setUpClass -->
        <test-method status="FAIL" signature="feature(cucumber.api.testng.CucumberFeatureWrapper)[pri:0, instance:runner.loginrunner@7193666c]" name="feature" duration-ms="15273" started-at="2021-06-07T10:40:54 EDT" description="runs cucumber feature" data-provider="features" finished-at="2021-06-07T10:41:09 EDT">
          <params>
            <param index="0">
              <value>
                <![CDATA["loginfeatures"]]>
              </value>
            </param>
          </params>
          <exception class="cucumber.runtime.CucumberException">
            <message>
              <![CDATA[org.openqa.selenium.NoSuchElementException: no such element: Unable to locate element: {"method":"xpath","selector":"/html/body/div[1]/div/section/div[2]/form/div[1]/span"}
  (Session info: chrome=91.0.4472.77)
For documentation on this error, please visit: https://www.seleniumhq.org/exceptions/no_such_element.html
Build info: version: '3.141.59', revision: 'e82be7d358', time: '2018-11-14T08:17:03'
System info: host: 'DESKTOP-FNA2BQ4', ip: '192.168.56.1', os.name: 'Windows 10', os.arch: 'amd64', os.version: '10.0', java.version: '1.8.0_251'
Driver info: org.openqa.selenium.chrome.ChromeDriver
Capabilities {acceptInsecureCerts: false, browserName: chrome, browserVersion: 91.0.4472.77, chrome: {chromedriverVersion: 91.0.4472.19 (1bf021f248676..., userDataDir: C:\Users\User\AppData\Local...}, goog:chromeOptions: {debuggerAddress: localhost:6539}, javascriptEnabled: true, networkConnectionEnabled: false, pageLoadStrategy: normal, platform: WINDOWS, platformName: WINDOWS, proxy: Proxy(), setWindowRect: true, strictFileInteractability: false, timeouts: {implicit: 0, pageLoad: 300000, script: 30000}, unhandledPromptBehavior: dismiss and notify, webauthn:extension:largeBlob: true, webauthn:virtualAuthenticators: true}
Session ID: c39a7dae12a3b54322e0f004629a2f2a
*** Element info: {Using=xpath, value=/html/body/div[1]/div/section/div[2]/form/div[1]/span}]]>
            </message>
            <full-stacktrace>
              <![CDATA[cucumber.runtime.CucumberException: org.openqa.selenium.NoSuchElementException: no such element: Unable to locate element: {"method":"xpath","selector":"/html/body/div[1]/div/section/div[2]/form/div[1]/span"}
  (Session info: chrome=91.0.4472.77)
For documentation on this error, please visit: https://www.seleniumhq.org/exceptions/no_such_element.html
Build info: version: '3.141.59', revision: 'e82be7d358', time: '2018-11-14T08:17:03'
System info: host: 'DESKTOP-FNA2BQ4', ip: '192.168.56.1', os.name: 'Windows 10', os.arch: 'amd64', os.version: '10.0', java.version: '1.8.0_251'
Driver info: org.openqa.selenium.chrome.ChromeDriver
Capabilities {acceptInsecureCerts: false, browserName: chrome, browserVersion: 91.0.4472.77, chrome: {chromedriverVersion: 91.0.4472.19 (1bf021f248676..., userDataDir: C:\Users\User\AppData\Local...}, goog:chromeOptions: {debuggerAddress: localhost:6539}, javascriptEnabled: true, networkConnectionEnabled: false, pageLoadStrategy: normal, platform: WINDOWS, platformName: WINDOWS, proxy: Proxy(), setWindowRect: true, strictFileInteractability: false, timeouts: {implicit: 0, pageLoad: 300000, script: 30000}, unhandledPromptBehavior: dismiss and notify, webauthn:extension:largeBlob: true, webauthn:virtualAuthenticators: true}
Session ID: c39a7dae12a3b54322e0f004629a2f2a
*** Element info: {Using=xpath, value=/html/body/div[1]/div/section/div[2]/form/div[1]/span}
at cucumber.api.testng.TestNGCucumberRunner.runCucumber(TestNGCucumberRunner.java:78)
at runner.loginrunner.feature(loginrunner.java:46)
at sun.reflect.NativeMethodAccessorImpl.invoke0(Native Method)
at sun.reflect.NativeMethodAccessorImpl.invoke(NativeMethodAccessorImpl.java:62)
at sun.reflect.DelegatingMethodAccessorImpl.invoke(DelegatingMethodAccessorImpl.java:43)
at java.lang.reflect.Method.invoke(Method.java:498)
at org.testng.internal.MethodInvocationHelper.invokeMethod(MethodInvocationHelper.java:132)
at org.testng.internal.TestInvoker.invokeMethod(TestInvoker.java:599)
at org.testng.internal.TestInvoker.invokeTestMethod(TestInvoker.java:174)
at org.testng.internal.MethodRunner.runInSequence(MethodRunner.java:46)
at org.testng.internal.TestInvoker$MethodInvocationAgent.invoke(TestInvoker.java:822)
at org.testng.internal.TestInvoker.invokeTestMethods(TestInvoker.java:147)
at org.testng.internal.TestMethodWorker.invokeTestMethods(TestMethodWorker.java:146)
at org.testng.internal.TestMethodWorker.run(TestMethodWorker.java:128)
at java.util.ArrayList.forEach(ArrayList.java:1257)
at org.testng.TestRunner.privateRun(TestRunner.java:764)
at org.testng.TestRunner.run(TestRunner.java:585)
at org.testng.SuiteRunner.runTest(SuiteRunner.java:384)
at org.testng.SuiteRunner.runSequentially(SuiteRunner.java:378)
at org.testng.SuiteRunner.privateRun(SuiteRunner.java:337)
at org.testng.SuiteRunner.run(SuiteRunner.java:286)
at org.testng.SuiteRunnerWorker.runSuite(SuiteRunnerWorker.java:53)
at org.testng.SuiteRunnerWorker.run(SuiteRunnerWorker.java:96)
at org.testng.TestNG.runSuitesSequentially(TestNG.java:1218)
at org.testng.TestNG.runSuitesLocally(TestNG.java:1140)
at org.testng.TestNG.runSuites(TestNG.java:1069)
at org.testng.TestNG.run(TestNG.java:1037)
at org.testng.remote.AbstractRemoteTestNG.run(AbstractRemoteTestNG.java:115)
at org.testng.remote.RemoteTestNG.initAndRun(RemoteTestNG.java:251)
at org.testng.remote.RemoteTestNG.main(RemoteTestNG.java:77)
Caused by: org.openqa.selenium.NoSuchElementException: no such element: Unable to locate element: {"method":"xpath","selector":"/html/body/div[1]/div/section/div[2]/form/div[1]/span"}
  (Session info: chrome=91.0.4472.77)
For documentation on this error, please visit: https://www.seleniumhq.org/exceptions/no_such_element.html
Build info: version: '3.141.59', revision: 'e82be7d358', time: '2018-11-14T08:17:03'
System info: host: 'DESKTOP-FNA2BQ4', ip: '192.168.56.1', os.name: 'Windows 10', os.arch: 'amd64', os.version: '10.0', java.version: '1.8.0_251'
Driver info: org.openqa.selenium.chrome.ChromeDriver
Capabilities {acceptInsecureCerts: false, browserName: chrome, browserVersion: 91.0.4472.77, chrome: {chromedriverVersion: 91.0.4472.19 (1bf021f248676..., userDataDir: C:\Users\User\AppData\Local...}, goog:chromeOptions: {debuggerAddress: localhost:6539}, javascriptEnabled: true, networkConnectionEnabled: false, pageLoadStrategy: normal, platform: WINDOWS, platformName: WINDOWS, proxy: Proxy(), setWindowRect: true, strictFileInteractability: false, timeouts: {implicit: 0, pageLoad: 300000, script: 30000}, unhandledPromptBehavior: dismiss and notify, webauthn:extension:largeBlob: true, webauthn:virtualAuthenticators: true}
Session ID: c39a7dae12a3b54322e0f004629a2f2a
*** Element info: {Using=xpath, value=/html/body/div[1]/div/section/div[2]/form/div[1]/span}
at sun.reflect.NativeConstructorAccessorImpl.newInstance0(Native Method)
at sun.reflect.NativeConstructorAccessorImpl.newInstance(NativeConstructorAccessorImpl.java:62)
at sun.reflect.DelegatingConstructorAccessorImpl.newInstance(DelegatingConstructorAccessorImpl.java:45)
at java.lang.reflect.Constructor.newInstance(Constructor.java:423)
at org.openqa.selenium.remote.http.W3CHttpResponseCodec.createException(W3CHttpResponseCodec.java:187)
at org.openqa.selenium.remote.http.W3CHttpResponseCodec.decode(W3CHttpResponseCodec.java:122)
at org.openqa.selenium.remote.http.W3CHttpResponseCodec.decode(W3CHttpResponseCodec.java:49)
at org.openqa.selenium.remote.HttpCommandExecutor.execute(HttpCommandExecutor.java:158)
at org.openqa.selenium.remote.service.DriverCommandExecutor.execute(DriverCommandExecutor.java:83)
at org.openqa.selenium.remote.RemoteWebDriver.execute(RemoteWebDriver.java:552)
at org.openqa.selenium.remote.RemoteWebDriver.findElement(RemoteWebDriver.java:323)
at org.openqa.selenium.remote.RemoteWebDriver.findElementByXPath(RemoteWebDriver.java:428)
at org.openqa.selenium.By$ByXPath.findElement(By.java:353)
at org.openqa.selenium.remote.RemoteWebDriver.findElement(RemoteWebDriver.java:315)
at stepdefinitions.logstepdefinition.click_on_the_login_button(logstepdefinition.java:79)
at âœ½.click on the login button(C:/Users/User/eclipse-workspace/cucumberbd/src/main/java/Features/loginfeature.feature:8)
]]>
            </full-stacktrace>
          </exception> <!-- cucumber.runtime.CucumberException -->
          <reporter-output>
            <line>
              <![CDATA[<div "featureFile">Feature File: C:&#x2F;Users&#x2F;User&#x2F;eclipse-workspace&#x2F;cucumberbd&#x2F;src&#x2F;main&#x2F;java&#x2F;Features&#x2F;loginfeature.feature</div>]]>
            </line>
            <line>
              <![CDATA[<div "result">User is in login page (PASSED : 12s)</div>]]>
            </line>
            <line>
              <![CDATA[<div "result">title of the page is Agile-AH (PASSED : 0s)</div>]]>
            </line>
            <line>
              <![CDATA[<div "result">user enters the &quot;companyadmin@agilityhealthradar.com&quot; and &quot;temp1234&quot; (PASSED : 0s)</div>]]>
            </line>
            <line>
              <![CDATA[<div "result">click on the login button (FAILED : 2s)</div>]]>
            </line>
            <line>
              <![CDATA[<div "result">user is on the Home page (SKIPPED)</div>]]>
            </line>
            <line>
              <![CDATA[<div "result">find all the broken links (SKIPPED)</div>]]>
            </line>
            <line>
              <![CDATA[<div "result">find the word assessments (SKIPPED)</div>]]>
            </line>
          </reporter-output>
        </test-method> <!-- feature -->
        <test-method status="PASS" signature="teardownclass()[pri:0, instance:runner.loginrunner@7193666c]" name="teardownclass" is-config="true" duration-ms="37" started-at="2021-06-07T10:41:10 EDT" finished-at="2021-06-07T10:41:10 EDT">
          <reporter-output>
          </reporter-output>
        </test-method> <!-- teardownclass -->
      </class> <!-- runner.loginrunner -->
    </test> <!-- Default test -->
  </suite> <!-- Default suite -->
</testng-results>
